  Using bundled DotNet SDK
  Log file: C:\Users\YTP\AppData\Local\UnrealBuildTool\Log.txt
  Building GAME...
  Using Visual Studio 2019 14.29.30146 toolchain (C:\Program Files (x86)\Microsoft Visual Studio\2019\Community\VC\Tools\MSVC\14.29.30133) and Windows 10.0.18362.0 SDK (C:\Program Files (x86)\Windows Kits\10).
  [Adaptive Build] Excluded from GAME unity file: MyActor.cpp, GAME.cpp, GAMEGameModeBase.cpp, MyWorldSettings.cpp
  Distributing 3 actions to XGE
  --------------------Build System Warning---------------------------------------
  License is invalid:
      License information is invalid. Please try reloading your license file using the Coordinator Monitor application on the Coordinator machine, or reinstall IncrediBuild.
      This build will run in standalone mode.
  
  -------------------------------------------------------------------------------
  
  Build ID: {9697029A-19AE-4AF4-9E79-D003E5206B47}
  
  --------------------Project: Default-------------------------------------------
  [1/3] MyActor.cpp (0:00.93 at +0:00)
  [2/3] GAME.exe (0:08.60 at +0:00)
     C:\Users\YTP\Documents\Unreal Projects\GAME\Binaries\Win64\GAME.lib 라이브러리 및 C:\Users\YTP\Documents\Unreal Projects\GAME\Binaries\Win64\GAME.exp 개체를 생성하고 있습니다.
  [3/3] GAME.target (0:00.21 at +0:09)
  ---------------------- Done ----------------------
  
      Rebuild All: 1 succeeded, 0 failed, 0 skipped
  
  1 build system warning(s):
     - License is invalid
  
  Total time in XGE executor: 9.99 seconds
  Total execution time: 10.58 seconds
